c:\users\6174l\documents\github\findingstar\final\debug\vc141.pdb
c:\users\6174l\documents\github\findingstar\final\debug\utils.obj
c:\users\6174l\documents\github\findingstar\final\debug\player.obj
c:\users\6174l\documents\github\findingstar\final\debug\modelimporter.obj
c:\users\6174l\documents\github\findingstar\final\debug\model.obj
c:\users\6174l\documents\github\findingstar\final\debug\glm.obj
c:\users\6174l\documents\github\findingstar\final\debug\dummy.obj
c:\users\6174l\documents\github\findingstar\final\debug\game.obj
c:\users\6174l\documents\github\findingstar\final\debug\textrenderer.obj
c:\users\6174l\documents\github\findingstar\final\debug\main.obj
c:\users\6174l\documents\github\findingstar\final\debug\glad.obj
c:\users\6174l\documents\github\findingstar\final\debug\finalgame.exe
c:\users\6174l\documents\github\findingstar\final\debug\finalgame.ilk
c:\users\6174l\documents\github\findingstar\final\debug\finalgame.pdb
c:\users\6174l\documents\github\findingstar\final\debug\finalgame.tlog\cl.command.1.tlog
c:\users\6174l\documents\github\findingstar\final\debug\finalgame.tlog\cl.read.1.tlog
c:\users\6174l\documents\github\findingstar\final\debug\finalgame.tlog\cl.write.1.tlog
c:\users\6174l\documents\github\findingstar\final\debug\finalgame.tlog\link.command.1.tlog
c:\users\6174l\documents\github\findingstar\final\debug\finalgame.tlog\link.read.1.tlog
c:\users\6174l\documents\github\findingstar\final\debug\finalgame.tlog\link.write.1.tlog
