  Animation.cpp
  Game.cpp
c:\users\6174l\documents\github\findingstar\final\game.cpp(18): warning C4305: 'argument': truncation from 'double' to 'float'
c:\users\6174l\documents\github\findingstar\final\game.cpp(48): warning C4305: 'argument': truncation from 'double' to 'float'
c:\users\6174l\documents\github\findingstar\final\game.cpp(49): warning C4305: 'argument': truncation from 'double' to 'float'
c:\users\6174l\documents\github\findingstar\final\game.cpp(64): warning C4305: 'argument': truncation from 'double' to 'float'
  Model.cpp
c:\users\6174l\documents\github\findingstar\final\model.cpp(22): warning C4018: '<': signed/unsigned mismatch
  Player.cpp
c:\users\6174l\documents\github\findingstar\final\player.cpp(70): warning C4305: '=': truncation from 'double' to 'float'
c:\users\6174l\documents\github\findingstar\final\player.cpp(71): warning C4305: '=': truncation from 'double' to 'float'
c:\users\6174l\documents\github\findingstar\final\player.cpp(116): warning C4244: '+=': conversion from 'double' to 'T', possible loss of data
          with
          [
              T=float
          ]
c:\users\6174l\documents\github\findingstar\final\player.cpp(117): warning C4244: '=': conversion from 'double' to 'float', possible loss of data
  Skybox.cpp
  main.cpp
c:\users\6174l\documents\github\findingstar\final\main.cpp(103): warning C4305: 'argument': truncation from 'double' to 'GLfloat'
c:\users\6174l\documents\github\findingstar\final\main.cpp(192): warning C4305: 'argument': truncation from 'double' to 'GLfloat'
  Generating Code...
  Final_Game.vcxproj -> C:\Users\6174l\Documents\GitHub\FindingStar\Final_Game\Debug\Final_Game.exe
